<?xml version="1.0" encoding="UTF-8"?>
<testsuites>
    <testsuite name="force.apex" timestamp="2020-05-29T16:09:50-04:00" hostname="https://gwi--ersmith.my.salesforce.com" tests="1" failures="1"  errors="0"  time="0.82">
        <properties>
            <property name="outcome" value="Failed"/>
            <property name="testsRan" value="1"/>
            <property name="passing" value="0"/>
            <property name="failing" value="1"/>
            <property name="skipped" value="0"/>
            <property name="passRate" value="0%"/>
            <property name="failRate" value="100%"/>
            <property name="testStartTime" value="May 29, 2020 4:09 PM"/>
            <property name="testExecutionTime" value="0.82 s"/>
            <property name="testTotalTime" value="0.82 s"/>
            <property name="commandTime" value="13.39 s"/>
            <property name="hostname" value="https://gwi--ersmith.my.salesforce.com"/>
            <property name="orgId" value="00D6C0000008oXLUAY"/>
            <property name="username" value="ericrsmith@staff.gwi.net.ersmith"/>
            <property name="testRunId" value="7076C00000vouYn"/>
            <property name="userId" value="005600000019cXWAAY"/>
            <property name="testRunCoverage" value="13%"/>
            <property name="orgWideCoverage" value="5%"/>
        </properties>
        <testcase name="test" classname="DeployDeleteInactiveFlowsTest" time="0.82">
            <failure message="System.JSONException: No content to map to Object due to end of input"><![CDATA[Class.System.JSON.deserialize: line 15, column 1
Class.DeployDeleteInactiveFlows.getDestructiveChangesXml: line 128, column 1
Class.DeployDeleteInactiveFlows.generateZipfile: line 97, column 1
Class.DeployDeleteInactiveFlows.DeployDeleteInactiveFlows: line 60, column 1
Class.DeployDeleteInactiveFlowsTest.test: line 14, column 1]]></failure>
        </testcase>
    </testsuite>
</testsuites>
